*******************************************************************
Status (ExternMusiclist) -->  Nicht gefunden Musik-Dateien (107)
*******************************************************************
Anzahl Play-/MusicList-Dateien (1)
Anzahl Musik-Dateien (32237)
*******************************************************************
01_DJ_Rewerb_PlaylistFromPDF_444Songs.txt  -  #EXTINF:12,Juanes - La Camisa Negra
01_DJ_Rewerb_PlaylistFromPDF_444Songs.txt  -  #EXTINF:17,Major Lazer - Light It Up (Remix)
01_DJ_Rewerb_PlaylistFromPDF_444Songs.txt  -  #EXTINF:19,Michel Teló - Ai Se Eu Te Pego (Nossa)
01_DJ_Rewerb_PlaylistFromPDF_444Songs.txt  -  #EXTINF:23,Ricky Martin - La Copa De La Vida
01_DJ_Rewerb_PlaylistFromPDF_444Songs.txt  -  #EXTINF:27,Shakira - Waka Waka (This Time For Africa)
01_DJ_Rewerb_PlaylistFromPDF_444Songs.txt  -  #EXTINF:35,Adele - Set Fire To The Rain (Moto Blanko)
01_DJ_Rewerb_PlaylistFromPDF_444Songs.txt  -  #EXTINF:54,Gadjo - So Many Times
01_DJ_Rewerb_PlaylistFromPDF_444Songs.txt  -  #EXTINF:56,Gestört aber GeiL ft. Lea - Wohin willst du
01_DJ_Rewerb_PlaylistFromPDF_444Songs.txt  -  #EXTINF:57,Glasperlenspiel - Geiles Leben (Madizin Club)
01_DJ_Rewerb_PlaylistFromPDF_444Songs.txt  -  #EXTINF:58,Gregory Porter - Liquid Spirit (Claptone)
01_DJ_Rewerb_PlaylistFromPDF_444Songs.txt  -  #EXTINF:59,Guru Josh Project - Infinity 2008 (Klaas)
01_DJ_Rewerb_PlaylistFromPDF_444Songs.txt  -  #EXTINF:62,Imany - Don't Be So Shy (Filatov & Karas)
01_DJ_Rewerb_PlaylistFromPDF_444Songs.txt  -  #EXTINF:63,Jennifer Lopez - Ain’t Your Mama
01_DJ_Rewerb_PlaylistFromPDF_444Songs.txt  -  #EXTINF:65,Jennifer Lopez - Let’s Get Loud
01_DJ_Rewerb_PlaylistFromPDF_444Songs.txt  -  #EXTINF:68,Kungs & Cookin' On 3 Burners - This Girl (Kungs vs. Cookin' On 3 Burners)
01_DJ_Rewerb_PlaylistFromPDF_444Songs.txt  -  #EXTINF:76,Mylo vs. Miami Sound Machine - Doctor Pressure (Dirty Club)
01_DJ_Rewerb_PlaylistFromPDF_444Songs.txt  -  #EXTINF:78,Ofenbach - Be Mine (Extended)
01_DJ_Rewerb_PlaylistFromPDF_444Songs.txt  -  #EXTINF:84,Pitbull ft. Ne-Yo, Afrojack & Nayer - Give Me Everything (Tonight)
01_DJ_Rewerb_PlaylistFromPDF_444Songs.txt  -  #EXTINF:85,Rihanna - Don’t Stop The Music
01_DJ_Rewerb_PlaylistFromPDF_444Songs.txt  -  #EXTINF:86,Robin Schulz ft. James Blunt - OK (Ofenbach)
01_DJ_Rewerb_PlaylistFromPDF_444Songs.txt  -  #EXTINF:88,Robin Schulz, Lilly Wood & The Prick - Prayer In C (Robin Schulz)
01_DJ_Rewerb_PlaylistFromPDF_444Songs.txt  -  #EXTINF:90,Sigala, Bryn Christopher - Sweet Lovin'
01_DJ_Rewerb_PlaylistFromPDF_444Songs.txt  -  #EXTINF:105,Beyoncé - Single Ladies (Put A Ring On It)
01_DJ_Rewerb_PlaylistFromPDF_444Songs.txt  -  #EXTINF:108,Cameo - Word Up!
01_DJ_Rewerb_PlaylistFromPDF_444Songs.txt  -  #EXTINF:110,Chamillionaire ft. Krayzie Bone - Ridin‘
01_DJ_Rewerb_PlaylistFromPDF_444Songs.txt  -  #EXTINF:112,Coolio ft. L. V. - Gangsta’s Paradise
01_DJ_Rewerb_PlaylistFromPDF_444Songs.txt  -  #EXTINF:114,Das Bo - Türlich, Türlich (Sicher, Dicker)
01_DJ_Rewerb_PlaylistFromPDF_444Songs.txt  -  #EXTINF:121,Gwen Stefani - Hollaback Girl
01_DJ_Rewerb_PlaylistFromPDF_444Songs.txt  -  #EXTINF:123,James Brown - Get Up I Feel Like Being A Sex Machine
01_DJ_Rewerb_PlaylistFromPDF_444Songs.txt  -  #EXTINF:125,Jay-Z & Kayne West - Ni**as in Paris
01_DJ_Rewerb_PlaylistFromPDF_444Songs.txt  -  #EXTINF:129,Macklemore & Ryan Lewis ft. Ray Dalton - Can’t Hold Us
01_DJ_Rewerb_PlaylistFromPDF_444Songs.txt  -  #EXTINF:133,OutKast - Hey Ya!
01_DJ_Rewerb_PlaylistFromPDF_444Songs.txt  -  #EXTINF:134,Peter Fox - Schüttel Dein Speck
01_DJ_Rewerb_PlaylistFromPDF_444Songs.txt  -  #EXTINF:141,Soul II Soul ft. Caron Wheeler - Back To Life (However Do You Want Me)
01_DJ_Rewerb_PlaylistFromPDF_444Songs.txt  -  #EXTINF:152,Backstreet Boys - Everybody (Backstreet's Back)
01_DJ_Rewerb_PlaylistFromPDF_444Songs.txt  -  #EXTINF:154,Backstreet Boys - Quit Playing Games (With My Heart)
01_DJ_Rewerb_PlaylistFromPDF_444Songs.txt  -  #EXTINF:163,De La Soul - Ring Ring Ring (Ha Ha Hey)
01_DJ_Rewerb_PlaylistFromPDF_444Songs.txt  -  #EXTINF:165,Dr. Alban - It’s My Life
01_DJ_Rewerb_PlaylistFromPDF_444Songs.txt  -  #EXTINF:166,Dr. Alban - Sing Hallelujah!
01_DJ_Rewerb_PlaylistFromPDF_444Songs.txt  -  #EXTINF:167,E-Rotic - Fred Come To Bed
01_DJ_Rewerb_PlaylistFromPDF_444Songs.txt  -  #EXTINF:170,Faithless - Insomnia (Monster)
01_DJ_Rewerb_PlaylistFromPDF_444Songs.txt  -  #EXTINF:174,Freak Power - Turn On Tune In Cop Out
01_DJ_Rewerb_PlaylistFromPDF_444Songs.txt  -  #EXTINF:175,Funky Green Dogs - Fired Up!
01_DJ_Rewerb_PlaylistFromPDF_444Songs.txt  -  #EXTINF:181,Incognito - Always There (David Morales)
01_DJ_Rewerb_PlaylistFromPDF_444Songs.txt  -  #EXTINF:184,Kate Yanai - Bacardi Feeling (Summer Dreamin')
01_DJ_Rewerb_PlaylistFromPDF_444Songs.txt  -  #EXTINF:187,Londonbeat - I’ve Been Thinking About You
01_DJ_Rewerb_PlaylistFromPDF_444Songs.txt  -  #EXTINF:190,Lou Bega - Mambo No. 5 (A Little Bit Of …)
01_DJ_Rewerb_PlaylistFromPDF_444Songs.txt  -  #EXTINF:191,Luniz - I Got Five On It
01_DJ_Rewerb_PlaylistFromPDF_444Songs.txt  -  #EXTINF:195,Mousse T. vs. Hot ’n‘ Juicy - Horny ’98
01_DJ_Rewerb_PlaylistFromPDF_444Songs.txt  -  #EXTINF:209,Röyksopp - Eple
01_DJ_Rewerb_PlaylistFromPDF_444Songs.txt  -  #EXTINF:210,Run DMC vs. Jason Nevins - It’s Like That
01_DJ_Rewerb_PlaylistFromPDF_444Songs.txt  -  #EXTINF:212,Salt ’n’ Pepa - Let’s Talk About Sex
01_DJ_Rewerb_PlaylistFromPDF_444Songs.txt  -  #EXTINF:213,Scatman John - Scatman’s World
01_DJ_Rewerb_PlaylistFromPDF_444Songs.txt  -  #EXTINF:215,Shabba Ranks - Mr. Loverman
01_DJ_Rewerb_PlaylistFromPDF_444Songs.txt  -  #EXTINF:220,Tag Team - Whoomp There It Is
01_DJ_Rewerb_PlaylistFromPDF_444Songs.txt  -  #EXTINF:222,Tarkan - Simarik
01_DJ_Rewerb_PlaylistFromPDF_444Songs.txt  -  #EXTINF:224,The Original - I Luv U Baby
01_DJ_Rewerb_PlaylistFromPDF_444Songs.txt  -  #EXTINF:231,Will Smith - Gettin' Jiggy Wit It
01_DJ_Rewerb_PlaylistFromPDF_444Songs.txt  -  #EXTINF:236,Andrea Berg - Du hast mich 1000x belogen
01_DJ_Rewerb_PlaylistFromPDF_444Songs.txt  -  #EXTINF:238,Andreas Martin - Mit Dir und für immer
01_DJ_Rewerb_PlaylistFromPDF_444Songs.txt  -  #EXTINF:241,Athena (Sirtaki) - Zorba’s Dance
01_DJ_Rewerb_PlaylistFromPDF_444Songs.txt  -  #EXTINF:243,Bill Medley & Jennifer Warnes - (I've Had) The Time of My Life
01_DJ_Rewerb_PlaylistFromPDF_444Songs.txt  -  #EXTINF:254,Hans Entertainment & Finger & Kadel - Hoch die Hände Wochenende
01_DJ_Rewerb_PlaylistFromPDF_444Songs.txt  -  #EXTINF:256,Hubert Goisern - Hiata Madl
01_DJ_Rewerb_PlaylistFromPDF_444Songs.txt  -  #EXTINF:258,Ibo - Sieben Wunder
01_DJ_Rewerb_PlaylistFromPDF_444Songs.txt  -  #EXTINF:260,Ireen Sheer - Und heute Abend habe ich Kopfweh
01_DJ_Rewerb_PlaylistFromPDF_444Songs.txt  -  #EXTINF:269,Matthias Reim - Verdammt, ich lieb’ Dich
01_DJ_Rewerb_PlaylistFromPDF_444Songs.txt  -  #EXTINF:278,Peter Schilling - Major Tom (Völlig losgelöst)
01_DJ_Rewerb_PlaylistFromPDF_444Songs.txt  -  #EXTINF:281,Robbie Williams - Let Me Entertain You
01_DJ_Rewerb_PlaylistFromPDF_444Songs.txt  -  #EXTINF:289,Wolfgang Petry - Verlieben verloren..
01_DJ_Rewerb_PlaylistFromPDF_444Songs.txt  -  #EXTINF:290,Zillertaler Schürzenjäger - Sierra MadreAnd
01_DJ_Rewerb_PlaylistFromPDF_444Songs.txt  -  #EXTINF:296,Barry White - You’re The First The Last My Everything
01_DJ_Rewerb_PlaylistFromPDF_444Songs.txt  -  #EXTINF:299,Bucketheads - The Bomb (These Sounds Fall Into My Mind)
01_DJ_Rewerb_PlaylistFromPDF_444Songs.txt  -  #EXTINF:301,Chaka Khan - Ain’t Nobody
01_DJ_Rewerb_PlaylistFromPDF_444Songs.txt  -  #EXTINF:309,Deichkind - Remmidemmi (Yippie Yippie Yeah)
01_DJ_Rewerb_PlaylistFromPDF_444Songs.txt  -  #EXTINF:316,Everything But The Girl - Missing (Todd Terry)
01_DJ_Rewerb_PlaylistFromPDF_444Songs.txt  -  #EXTINF:317,Felix Jaehn ft. Jasmine Thompson - Ain't Nobody (Loves Me Better)
01_DJ_Rewerb_PlaylistFromPDF_444Songs.txt  -  #EXTINF:326,KC & The Sunshine Band - That’s The Way (I Like It)
01_DJ_Rewerb_PlaylistFromPDF_444Songs.txt  -  #EXTINF:329,Las Ketchup - Ketchup Song (Asereje)
01_DJ_Rewerb_PlaylistFromPDF_444Songs.txt  -  #EXTINF:330,M People - Moving On Up (M People Master)
01_DJ_Rewerb_PlaylistFromPDF_444Songs.txt  -  #EXTINF:333,Michael Jackson - Don't Stop 'til You Get Enough
01_DJ_Rewerb_PlaylistFromPDF_444Songs.txt  -  #EXTINF:335,Milk & Sugar und John Paul Young - Love Is In The Air (Vocal Is In The Air)
01_DJ_Rewerb_PlaylistFromPDF_444Songs.txt  -  #EXTINF:344,Santa Esmeralda - Don’t Let Me Be Misunderstood
01_DJ_Rewerb_PlaylistFromPDF_444Songs.txt  -  #EXTINF:346,The B-52s - Love Shack
01_DJ_Rewerb_PlaylistFromPDF_444Songs.txt  -  #EXTINF:367,Bon Jovi - It’s My Life
01_DJ_Rewerb_PlaylistFromPDF_444Songs.txt  -  #EXTINF:385,Journey - Don’t Stop Believin'
01_DJ_Rewerb_PlaylistFromPDF_444Songs.txt  -  #EXTINF:390,Kiss - I Was Made For Lovin’ You
01_DJ_Rewerb_PlaylistFromPDF_444Songs.txt  -  #EXTINF:394,Meat Loaf - I’d Do Anything for Love (But I Won’t Do That)
01_DJ_Rewerb_PlaylistFromPDF_444Songs.txt  -  #EXTINF:409,Sniff And The Tears - Drivers Seat
01_DJ_Rewerb_PlaylistFromPDF_444Songs.txt  -  #EXTINF:416,The Rolling Stones - I Can't Get No Satisfaction
01_DJ_Rewerb_PlaylistFromPDF_444Songs.txt  -  #EXTINF:420,Wheatus - Teenage Dirt Bag
01_DJ_Rewerb_PlaylistFromPDF_444Songs.txt  -  #EXTINF:421,ZZ Top - Gimme All Your Lovin’
01_DJ_Rewerb_PlaylistFromPDF_444Songs.txt  -  #EXTINF:425,Anne Clark - Our Darkness
01_DJ_Rewerb_PlaylistFromPDF_444Songs.txt  -  #EXTINF:428,Dead Or Alive - You Spin Me Right Round(Like A Record)
01_DJ_Rewerb_PlaylistFromPDF_444Songs.txt  -  #EXTINF:431,Edoardo Bennato - Viva la mama
01_DJ_Rewerb_PlaylistFromPDF_444Songs.txt  -  #EXTINF:433,Imagination - Just An Illusion
01_DJ_Rewerb_PlaylistFromPDF_444Songs.txt  -  #EXTINF:437,Simple Minds - Don't You (Forget About Me)
01_DJ_Rewerb_PlaylistFromPDF_444Songs.txt  -  #EXTINF:438,Soft Cell - Tainted Love/Where Did Our Love Go
01_DJ_Rewerb_PlaylistFromPDF_444Songs.txt  -  #EXTINF:441,The Sisters Of Mercy - Temple Of Love '92
01_DJ_Rewerb_PlaylistFromPDF_444Songs.txt  -  #EXTINF:442,Toto Cotugno - L’italiano
01_DJ_Rewerb_PlaylistFromPDF_444Songs.txt  -  #EXTINF:449,Adriano Celentano - Azurro
01_DJ_Rewerb_PlaylistFromPDF_444Songs.txt  -  #EXTINF:450,Al Bano & Romina Power - Sempre, Sempre
01_DJ_Rewerb_PlaylistFromPDF_444Songs.txt  -  #EXTINF:451,Bob Seger - Old Time Rock’n Roll
01_DJ_Rewerb_PlaylistFromPDF_444Songs.txt  -  #EXTINF:455,Dean Martin - That’s amore
01_DJ_Rewerb_PlaylistFromPDF_444Songs.txt  -  #EXTINF:458,Frank Sinatra - Theme From New York, New York
01_DJ_Rewerb_PlaylistFromPDF_444Songs.txt  -  #EXTINF:464,Nek - Laura Non Ce
01_DJ_Rewerb_PlaylistFromPDF_444Songs.txt  -  #EXTINF:468,Wanda Jackson - Let’s Have A Party
