*******************************************************************
Nicht gefunden Musik-Dateien (77)
Playlist-Dateien (26)
Anzahl der Playlist Musik-Verweise (1443)
*******************************************************************
01_Dance_Radio_Deluxe.m3u***#EXTINF:203,Sigala feat. Bryn Christopher - Sweet Lovin'
01_Dance_Radio_Deluxe.m3u***#EXTINF:204,Olly Murs feat. Rizzle Kicks - Heart Skips A Beat
05_Dance_Solo.m3u***#EXTINF:226,Mousse T - Horny  (featHot n Juicy)
05_Dance_Solo.m3u***#EXTINF:263,Robin Thicke featTIPharrell - Blurred Lines
05_Dance_Solo.m3u***#EXTINF:251,Akon - Be With You (Nedu Remix)
05_Dance_Solo.m3u***#EXTINF:182,Avicii - Lonely Together (featRita Ora)
05_Dance_Solo.m3u***#EXTINF:217,Bruno Mars - Finesse (Remix)
05_Dance_Solo.m3u***#EXTINF:224,CamelPhat & Elderbrook - Cola
05_Dance_Solo.m3u***#EXTINF:217,Camila Cabello - Havana (feat. Young Thug)
05_Dance_Solo.m3u***#EXTINF:203,David Guetta - Lovers on the Sun (featSam Martin)
05_Dance_Solo.m3u***#EXTINF:195,David Guetta - Flames (feat. Sia)
05_Dance_Solo.m3u***#EXTINF:199,David Guetta - Say My Name (feat. Bebe Rexha & J Balvin)
05_Dance_Solo.m3u***#EXTINF:172,David Guetta & Afrojack - Dirty Sexy Money (featCharli XCX & French Montana)
05_Dance_Solo.m3u***#EXTINF:202,David Guetta & Martin Garrix - Like I Do (featBrooks)
05_Dance_Solo.m3u***#EXTINF:199,David Guetta feat. Nicki Minaj - Turn me on
05_Dance_Solo.m3u***#EXTINF:197,David Guetta, Cedric Gervais & Chris Willis - Would I Lie To You
05_Dance_Solo.m3u***#EXTINF:204,Dua Lipa - Lost In Your Light (featMiguel)
05_Dance_Solo.m3u***#EXTINF:165,El Profesor, Hugel - Bella ciao (HUGEL Remix)
05_Dance_Solo.m3u***#EXTINF:190,Felix Jaehn - Cool (featMarc EBassy & Gucci Mane)
05_Dance_Solo.m3u***#EXTINF:331,Justin Timberlake feat. Jay Z - Suit & Tie
05_Dance_Solo.m3u***#EXTINF:227,Katy Perry - Bon Appetit (featMigos)
05_Dance_Solo.m3u***#EXTINF:191,Mark Forster - Like a Lion (featGentleman)
05_Dance_Solo.m3u***#EXTINF:217,Mark Ronson - Nothing Breaks Like A Heart Feat. Miley Cyrus
05_Dance_Solo.m3u***#EXTINF:235,Maroon 5 - Girls Like You Feat. Cardi B
05_Dance_Solo.m3u***#EXTINF:199,Michael Patrick Kelly - iD (featGentleman)
05_Dance_Solo.m3u***#EXTINF:140,More Than Friends (featKelli - Leigh)
05_Dance_Solo.m3u***#EXTINF:151,Ofenbach vs. Nick Waterhouse - Katchi
05_Dance_Solo.m3u***#EXTINF:204,Olly Murs feat. Rizzle Kicks - Heart Skips A Beat
05_Dance_Solo.m3u***#EXTINF:231,Pitbull Feat. Ma Anthony - Rain Over Me
05_Dance_Solo.m3u***#EXTINF:221,RITA ORA - Girls (feat. Cardi B, Bebe Rexha & Charli XCX)
05_Dance_Solo.m3u***#EXTINF:215,Robin Schulz - Speechless Feat. Erika Sirola
05_Dance_Solo.m3u***#EXTINF:226,Robin Schulz & Marc Scibilia - Unforgettable
05_Dance_Solo.m3u***#EXTINF:195,Robin Schulz & Piso 21 - Oh Child
05_Dance_Solo.m3u***#EXTINF:200,Sean Paul & David Guetta - Mad Love (feat. Becky G)
05_Dance_Solo.m3u***#EXTINF:203,Sigala feat. Bryn Christopher - Sweet Lovin'
05_Dance_Solo.m3u***#EXTINF:200,Stargate - Waterfall (featPnk & Sia)
05_Dance_Solo.m3u***#EXTINF:210,Stereoact - Die immer lacht (Radio  Mix) (featKerstin Ott)
05_Dance_Solo.m3u***#EXTINF:273,Tove Lo - Talking Body (Jebase Remix)
05_Dance_Solo.m3u***#EXTINF:205,Bk Duke;Deidra Jones - Let the Music Play (Feat. Deidra Jones) (Radio Edit)
05_Dance_Solo.m3u***#EXTINF:180,Bob Sinclar - I Believe (Radio Edit)
05_Dance_Solo.m3u***#EXTINF:168,Boy Tedson - Spin Me Round (Mayd Radio Remix)
05_Dance_Solo.m3u***#EXTINF:282,Clowns & Helden - Ich Liebe Dich (Wundakind  Remix)
05_Dance_Solo.m3u***#EXTINF:217,DJ Antoine - Loved Me Once (feat. Eric Zayne & Jimmi the Dealer) (DJ Antoine vs Mad Mark 2k19 Mix)
05_Dance_Solo.m3u***#EXTINF:246,DJ Dean & DJ T.H - Never (Nadi Sunrise Remix)
05_Dance_Solo.m3u***#EXTINF:197,El Profesor - Ce soir_ (feat. Laura White) (HUGEL Remix)
05_Dance_Solo.m3u***#EXTINF:156,Galantis;MAX - Satisfied (feat. MAX)
05_Dance_Solo.m3u***#EXTINF:236,Gareth Emery Feat. Evan Henzi - Call To Arms (Cosmic Gate Remix)
05_Dance_Solo.m3u***#EXTINF:152,Gil Sanders;Abel Romez - Gasoline and Petrol (Radio Edit)
05_Dance_Solo.m3u***#EXTINF:405,Jamiroquai - Cloud  (Purple Disco Machine Remix)
05_Dance_Solo.m3u***#EXTINF:272,Josh Gabriel Pres. Winter Kills - Hot As Hades (Jorn Van Deynhoven Remix)
05_Dance_Solo.m3u***#EXTINF:394,Junior Jack;Tube & Berger - E Samba 2018 (Original Mix)
05_Dance_Solo.m3u***#EXTINF:189,Kyau & Albert - Under Your Spell (Lostly Remix)
05_Dance_Solo.m3u***#EXTINF:192,Lizot - Regensturm (Below The Lines Remix)
05_Dance_Solo.m3u***#EXTINF:238,Lucas & Steve featJake Reese - Calling On You
05_Dance_Solo.m3u***#EXTINF:223,Major Lazer - Blow That Smoke (feat. Tove Lo)
05_Dance_Solo.m3u***#EXTINF:175,Marc Reason & Jay Frog - Sunchyme k
05_Dance_Solo.m3u***#EXTINF:189,Mario Lopez vsVictor Dinaire - The Sound Of Nature (Reloaded)
05_Dance_Solo.m3u***#EXTINF:196,Martin Garrix, David Guetta;Khalid - Ocean (David Guetta Remix)
05_Dance_Solo.m3u***#EXTINF:275,Maxx - Get A Way (Reloaded)
05_Dance_Solo.m3u***#EXTINF:178,Nalin & Kane - Beachball (Sebastien Remix)
05_Dance_Solo.m3u***#EXTINF:179,Norda & Mike De Ville featJoanna Jones - Gypsy (Catch Me If You Can)
05_Dance_Solo.m3u***#EXTINF:154,Ofenbach;Benjamin Ingrosso - Paradise (feat. Benjamin Ingrosso)
05_Dance_Solo.m3u***#EXTINF:186,Paffendorf - Where Are You k (Edit)
05_Dance_Solo.m3u***#EXTINF:206,Phats & Small - Turn Around (Youngr Bootleg)
05_Dance_Solo.m3u***#EXTINF:234,Robin S;Chris Montana;Slava Dmitriev - Show Me Love 2k18 (Andrey Exx Radio Edit)
05_Dance_Solo.m3u***#EXTINF:212,Rockstroh featTonberg - Schmerz
05_Dance_Solo.m3u***#EXTINF:256,Rude Vinyl & Niels Van Gogh - Waiting For
05_Dance_Solo.m3u***#EXTINF:200,Scotty - The Black Pearl (k Edit)
05_Dance_Solo.m3u***#EXTINF:314,Sean Finn;Guru Josh;Sean Finn x Guru Josh - Infinity 2018 (Extended Mix)
05_Dance_Solo.m3u***#EXTINF:225,Severin Nelson;KateNiss - Weekend (Festival Mix)
05_Dance_Solo.m3u***#EXTINF:180,Sigala & Paloma Faith - Lullaby (Martin Jensen Remix)
05_Dance_Solo.m3u***#EXTINF:185,Stereoact featLaura Luppino - Ich Will Nur Tanzen
05_Dance_Solo.m3u***#EXTINF:165,Stereoact;Sarah - Wunschkonzert
05_Dance_Solo.m3u***#EXTINF:172,The Chainsmokers;Emily Warren - Side Effects (Fedde Le Grand Remix)
20_Hochzeit0_Simon_Badbergen.m3u***#EXTINF:197,David Guetta, Cedric Gervais & Chris Willis - Would I Lie To You
20_Hochzeit0_Simon_Badbergen.m3u***#EXTINF:204,Olly Murs feat. Rizzle Kicks - Heart Skips A Beat
20_Hochzeit0_Simon_Badbergen.m3u***#EXTINF:216,Udo Lindenberg featJan Delay - Reeperbahn
